[2022-11-01T17:50:11.945Z] Log level: Info
[2022-11-01T17:50:11.950Z] [info] Validating found git in: git
[2022-11-01T17:50:12.004Z] [info] Using git 2.34.1 from git
[2022-11-01T17:50:12.233Z] > git rev-parse --show-toplevel [190ms]
[2022-11-01T17:50:12.375Z] > git rev-parse --git-dir --git-common-dir [70ms]
[2022-11-01T17:50:12.412Z] [info] Open repository: /mnt/mac/projects/temp/ci-knowledge-2-temp
[2022-11-01T17:50:12.610Z] > git rev-parse --show-toplevel [128ms]
[2022-11-01T17:50:12.860Z] > git rev-parse --show-toplevel [177ms]
[2022-11-01T17:50:13.061Z] > git rev-parse --show-toplevel [140ms]
[2022-11-01T17:50:13.223Z] > git rev-parse --show-toplevel [109ms]
[2022-11-01T17:50:13.328Z] > git rev-parse --show-toplevel [70ms]
[2022-11-01T17:50:13.458Z] > git rev-parse --show-toplevel [103ms]
[2022-11-01T17:50:13.614Z] > git rev-parse --show-toplevel [86ms]
[2022-11-01T17:50:13.756Z] > git rev-parse --show-toplevel [103ms]
[2022-11-01T17:50:13.944Z] > git rev-parse --show-toplevel [125ms]
[2022-11-01T17:50:14.066Z] > git rev-parse --show-toplevel [92ms]
[2022-11-01T17:50:14.221Z] > git rev-parse --show-toplevel [127ms]
[2022-11-01T17:50:14.377Z] > git rev-parse --show-toplevel [81ms]
[2022-11-01T17:50:14.498Z] > git rev-parse --show-toplevel [87ms]
[2022-11-01T17:50:14.661Z] > git rev-parse --show-toplevel [84ms]
[2022-11-01T17:50:14.791Z] > git rev-parse --show-toplevel [102ms]
[2022-11-01T17:50:14.886Z] > git rev-parse --show-toplevel [68ms]
[2022-11-01T17:50:14.974Z] > git rev-parse --show-toplevel [63ms]
[2022-11-01T17:50:15.076Z] > git rev-parse --show-toplevel [80ms]
[2022-11-01T17:50:15.173Z] > git rev-parse --show-toplevel [66ms]
[2022-11-01T17:50:15.273Z] > git rev-parse --show-toplevel [68ms]
[2022-11-01T17:50:15.401Z] > git rev-parse --show-toplevel [64ms]
[2022-11-01T17:50:15.517Z] > git rev-parse --show-toplevel [81ms]
[2022-11-01T17:50:15.605Z] > git rev-parse --show-toplevel [72ms]
[2022-11-01T17:50:15.704Z] > git rev-parse --show-toplevel [63ms]
[2022-11-01T17:50:15.804Z] > git rev-parse --show-toplevel [84ms]
[2022-11-01T17:50:15.852Z] > git rev-parse --show-toplevel [34ms]
[2022-11-01T17:50:15.899Z] > git rev-parse --show-toplevel [35ms]
[2022-11-01T17:50:27.600Z] > git rev-parse --show-toplevel [193ms]
[2022-11-01T17:51:03.058Z] > git status -z -uall [50604ms]
[2022-11-01T17:51:03.340Z] > git symbolic-ref --short HEAD [260ms]
[2022-11-01T17:51:04.582Z] > git for-each-ref --format=%(refname)%00%(upstream:short)%00%(objectname)%00%(upstream:track)%00%(upstream:remotename)%00%(upstream:remoteref) refs/heads/DPO-173_add_error_card_in_rhq_form refs/remotes/DPO-173_add_error_card_in_rhq_form [1226ms]
[2022-11-01T17:51:04.713Z] > git remote --verbose [114ms]
[2022-11-01T17:51:14.068Z] > git for-each-ref --sort -committerdate --format %(refname) %(objectname) %(*objectname) [9477ms]
[2022-11-01T17:51:14.772Z] > git config --get commit.template [186ms]
[2022-11-01T17:52:13.254Z] > git status -z -uall [58465ms]
[2022-11-01T17:52:13.443Z] > git symbolic-ref --short HEAD [169ms]
[2022-11-01T17:52:14.256Z] > git for-each-ref --format=%(refname)%00%(upstream:short)%00%(objectname)%00%(upstream:track)%00%(upstream:remotename)%00%(upstream:remoteref) refs/heads/DPO-173_add_error_card_in_rhq_form refs/remotes/DPO-173_add_error_card_in_rhq_form [791ms]
[2022-11-01T17:52:14.419Z] > git remote --verbose [85ms]
[2022-11-01T17:52:23.178Z] > git for-each-ref --sort -committerdate --format %(refname) %(objectname) %(*objectname) [8883ms]
[2022-11-01T17:52:23.736Z] > git config --get commit.template [436ms]
